<?xml version="1.0" encoding="UTF-8" ?>
<testsuite failures="0" time="8.391" errors="0" skipped="0" tests="8" name="fr.insa.toulouse.tp2g2.mainApp.ScenarioParserTest">
  <properties>
[...]
</properties>
  <testcase time="5.615" classname="fr.insa.toulouse.tp2g2.mainApp.ScenarioParserTest" name="inputIsValid"/>
  <testcase time="0.001" classname="fr.insa.toulouse.tp2g2.mainApp.ScenarioParserTest" name="noConsumersInScenario"/>
  <testcase time="1.182" classname="fr.insa.toulouse.tp2g2.mainApp.ScenarioParserTest" name="veryLargeValidScenario"/>
  <testcase time="0" classname="fr.insa.toulouse.tp2g2.mainApp.ScenarioParserTest" name="validStructureButWrongValues"/>
  <testcase time="0.001" classname="fr.insa.toulouse.tp2g2.mainApp.ScenarioParserTest" name="inputIsNotAnXMLFile"/>
  <testcase time="0.001" classname="fr.insa.toulouse.tp2g2.mainApp.ScenarioParserTest" name="fileDoesNotExist"/>
  <testcase time="0.001" classname="fr.insa.toulouse.tp2g2.mainApp.ScenarioParserTest" name="nonExistingProducerReferenced"/>
  <testcase time="0.481" classname="fr.insa.toulouse.tp2g2.mainApp.ScenarioParserTest" name="scenarioIsIllFormated"/>
</testsuite>